    Finished `release` profile [optimized] target(s) in 0.02s
     Running `target/release/gruesome ./resources/test/amfv/amfv-r79-s851122.z4`
[2025-07-21T13:08:28Z DEBUG gruesome] Loading Z-Machine game: ./resources/test/amfv/amfv-r79-s851122.z4
[2025-07-21T13:08:28Z DEBUG gruesome::display_manager] Display capabilities: DisplayCapabilities { has_terminal: false, has_color: true, has_unicode: false, is_interactive: false }
[2025-07-21T13:08:28Z DEBUG gruesome::display_manager] Creating display for Z-Machine version 4
[2025-07-21T13:08:28Z DEBUG gruesome::display_manager] Using headless display (fallback)
[2025-07-21T13:08:28Z DEBUG gruesome] Z-Machine Interpreter v0.1.0
[2025-07-21T13:08:28Z DEBUG gruesome] Game version: 4
[2025-07-21T13:08:28Z INFO  gruesome] Initial PC: cc2d
[2025-07-21T13:08:28Z DEBUG gruesome] Starting game...
    
[2025-07-21T13:08:28Z INFO  gruesome::interpreter] Starting Z-Machine interpreter...
[2025-07-21T13:08:28Z INFO  gruesome::interpreter] Initial PC: 0cc2d
[2025-07-21T13:08:28Z DEBUG gruesome::interpreter] Call to packed address 0x3461 (unpacked: d184) with store_var = Some(0)
[2025-07-21T13:08:28Z DEBUG gruesome::interpreter] Creating call frame with return_store=Some(0), stack_base=0
[2025-07-21T13:08:28Z DEBUG gruesome::interpreter] Creating call frame with return_store=Some(3), stack_base=0
[2025-07-21T13:08:28Z DEBUG gruesome::interpreter] Returning from routine: value=29010, return_pc=0d191
[2025-07-21T13:08:28Z DEBUG gruesome::interpreter] Stack before truncate: len=0, base=0
[2025-07-21T13:08:28Z DEBUG gruesome::interpreter] Storing return value 29010 to variable 3
[2025-07-21T13:08:28Z DEBUG gruesome::interpreter] Stack len after store: 0
[2025-07-21T13:08:28Z DEBUG gruesome::interpreter] Returning from routine: value=29010, return_pc=0cc3a
[2025-07-21T13:08:28Z DEBUG gruesome::interpreter] Stack before truncate: len=0, base=0
[2025-07-21T13:08:28Z DEBUG gruesome::interpreter] Storing return value 29010 to variable 0
[2025-07-21T13:08:28Z DEBUG gruesome::interpreter] Stack len after store: 1
[2025-07-21T13:08:28Z DEBUG gruesome::interpreter] Call to packed address 0x3461 (unpacked: d184) with store_var = Some(0)
[2025-07-21T13:08:28Z DEBUG gruesome::interpreter] Creating call frame with return_store=Some(0), stack_base=1
[2025-07-21T13:08:28Z DEBUG gruesome::interpreter] Creating call frame with return_store=Some(3), stack_base=1
[2025-07-21T13:08:28Z DEBUG gruesome::interpreter] Returning from routine: value=29006, return_pc=0d191
[2025-07-21T13:08:28Z DEBUG gruesome::interpreter] Stack before truncate: len=1, base=1
[2025-07-21T13:08:28Z DEBUG gruesome::interpreter] Storing return value 29006 to variable 3
[2025-07-21T13:08:28Z DEBUG gruesome::interpreter] Stack len after store: 1
[2025-07-21T13:08:28Z DEBUG gruesome::interpreter] Returning from routine: value=29006, return_pc=0cc42
[2025-07-21T13:08:28Z DEBUG gruesome::interpreter] Stack before truncate: len=1, base=1
[2025-07-21T13:08:28Z DEBUG gruesome::interpreter] Storing return value 29006 to variable 0
[2025-07-21T13:08:28Z DEBUG gruesome::interpreter] Stack len after store: 2
[2025-07-21T13:08:28Z DEBUG gruesome::interpreter] Call to packed address 0x3461 (unpacked: d184) with store_var = Some(0)
[2025-07-21T13:08:28Z DEBUG gruesome::interpreter] Creating call frame with return_store=Some(0), stack_base=2
[2025-07-21T13:08:28Z DEBUG gruesome::interpreter] Creating call frame with return_store=Some(3), stack_base=2
[2025-07-21T13:08:28Z DEBUG gruesome::interpreter] Returning from routine: value=29002, return_pc=0d191
[2025-07-21T13:08:28Z DEBUG gruesome::interpreter] Stack before truncate: len=2, base=2
[2025-07-21T13:08:28Z DEBUG gruesome::interpreter] Storing return value 29002 to variable 3
[2025-07-21T13:08:28Z DEBUG gruesome::interpreter] Stack len after store: 2
[2025-07-21T13:08:28Z DEBUG gruesome::interpreter] Returning from routine: value=29002, return_pc=0cc4b
[2025-07-21T13:08:28Z DEBUG gruesome::interpreter] Stack before truncate: len=2, base=2
[2025-07-21T13:08:28Z DEBUG gruesome::interpreter] Storing return value 29002 to variable 0
[2025-07-21T13:08:28Z DEBUG gruesome::interpreter] Stack len after store: 3
[2025-07-21T13:08:28Z DEBUG gruesome::interpreter] Creating call frame with return_store=Some(0), stack_base=3
[2025-07-21T13:08:28Z DEBUG gruesome::vm] get_property_addr: obj=17, prop=38
[2025-07-21T13:08:28Z DEBUG gruesome::vm] get_property_addr: obj=17, prop=38
[2025-07-21T13:08:28Z DEBUG gruesome::vm] get_property_addr: obj=17, prop=38
[2025-07-21T13:08:28Z DEBUG gruesome::vm] get_property_addr: obj=17, prop=38
[2025-07-21T13:08:28Z DEBUG gruesome::interpreter] Returning from routine: value=1, return_pc=0cc64
[2025-07-21T13:08:28Z DEBUG gruesome::interpreter] Stack before truncate: len=3, base=3
[2025-07-21T13:08:28Z DEBUG gruesome::interpreter] Storing return value 1 to variable 0
[2025-07-21T13:08:28Z DEBUG gruesome::interpreter] Stack len after store: 4
[2025-07-21T13:08:28Z DEBUG gruesome::interpreter] Creating call frame with return_store=Some(0), stack_base=4
[2025-07-21T13:08:28Z DEBUG gruesome::interpreter] Creating call frame with return_store=Some(0), stack_base=4
[2025-07-21T13:08:28Z DEBUG gruesome::interpreter] erase_window: window=-1
[2025-07-21T13:08:28Z DEBUG gruesome::interpreter] split_window: lines=7
[2025-07-21T13:08:28Z DEBUG gruesome::display_headless] Headless: split_window(7)
[2025-07-21T13:08:28Z DEBUG gruesome::interpreter] set_window: window=1
[2025-07-21T13:08:28Z DEBUG gruesome::display_headless] Headless: set_window(1)
[2025-07-21T13:08:28Z DEBUG gruesome::interpreter] buffer_mode: off
[2025-07-21T13:08:28Z DEBUG gruesome::interpreter] Returning from routine: value=1, return_pc=33b2a
[2025-07-21T13:08:28Z DEBUG gruesome::interpreter] Stack before truncate: len=4, base=4
[2025-07-21T13:08:28Z DEBUG gruesome::interpreter] Storing return value 1 to variable 0
[2025-07-21T13:08:28Z DEBUG gruesome::interpreter] Stack len after store: 5
[2025-07-21T13:08:28Z DEBUG gruesome::interpreter] buffer_mode: off
[2025-07-21T13:08:28Z DEBUG gruesome::interpreter] set_window: window=1
[2025-07-21T13:08:28Z DEBUG gruesome::display_headless] Headless: set_window(1)
[2025-07-21T13:08:28Z DEBUG gruesome::interpreter] set_text_style: style=1
[2025-07-21T13:08:28Z DEBUG gruesome::display_headless] Headless: set_text_style(1)
[2025-07-21T13:08:28Z DEBUG gruesome::interpreter] set_cursor: line=4, column=33
[2025-07-21T13:08:28Z DEBUG gruesome::display_headless] Headless: set_cursor(4, 33)
[2025-07-21T13:08:28Z DEBUG gruesome::interpreter] Creating call frame with return_store=Some(0), stack_base=5
[2025-07-21T13:08:28Z DEBUG gruesome::interpreter] Returning from routine: value=1, return_pc=33b54
[2025-07-21T13:08:28Z DEBUG gruesome::interpreter] Stack before truncate: len=5, base=5
[2025-07-21T13:08:28Z DEBUG gruesome::interpreter] Storing return value 1 to variable 0
[2025-07-21T13:08:28Z DEBUG gruesome::interpreter] Stack len after store: 6
[2025-07-21T13:08:28Z DEBUG gruesome::interpreter] set_cursor: line=5, column=33
[2025-07-21T13:08:28Z DEBUG gruesome::display_headless] Headless: set_cursor(5, 33)
[2025-07-21T13:08:28Z DEBUG gruesome::interpreter] Creating call frame with return_store=Some(0), stack_base=6
[2025-07-21T13:08:28Z DEBUG gruesome::interpreter] Returning from routine: value=1, return_pc=33b5e
[2025-07-21T13:08:28Z DEBUG gruesome::interpreter] Stack before truncate: len=6, base=6
[2025-07-21T13:08:28Z DEBUG gruesome::interpreter] Storing return value 1 to variable 0
[2025-07-21T13:08:28Z DEBUG gruesome::interpreter] Stack len after store: 7
[2025-07-21T13:08:28Z DEBUG gruesome::interpreter] set_cursor: line=6, column=33
[2025-07-21T13:08:28Z DEBUG gruesome::display_headless] Headless: set_cursor(6, 33)
[2025-07-21T13:08:28Z DEBUG gruesome::interpreter] Creating call frame with return_store=Some(0), stack_base=7
[2025-07-21T13:08:28Z DEBUG gruesome::interpreter] Returning from routine: value=1, return_pc=33b68
[2025-07-21T13:08:28Z DEBUG gruesome::interpreter] Stack before truncate: len=7, base=7
[2025-07-21T13:08:28Z DEBUG gruesome::interpreter] Storing return value 1 to variable 0
[2025-07-21T13:08:28Z DEBUG gruesome::interpreter] Stack len after store: 8
[2025-07-21T13:08:28Z DEBUG gruesome::interpreter] set_cursor: line=5, column=35
[2025-07-21T13:08:28Z DEBUG gruesome::display_headless] Headless: set_cursor(5, 35)
[2025-07-21T13:08:28Z DEBUG gruesome::text] Shift to A2 (punctuation)
[2025-07-21T13:08:28Z DEBUG gruesome::text] ZSCII escape at position 1 in zchars
[2025-07-21T13:08:28Z DEBUG gruesome::text] ZSCII escape: high=1, low=10, code=42
[2025-07-21T13:08:28Z DEBUG gruesome::text] ZSCII code 42 = '*'
[2025-07-21T13:08:28Z DEBUG gruesome::text] Shift to A2 (punctuation)
[2025-07-21T13:08:28Z DEBUG gruesome::interpreter] print at PC 33b6c: '* '
[2025-07-21T13:08:28Z DEBUG gruesome::text] Shift to A1 (uppercase)
[2025-07-21T13:08:28Z DEBUG gruesome::text] Shift to A1 (uppercase)
[2025-07-21T13:08:28Z DEBUG gruesome::text] Shift to A1 (uppercase)
[2025-07-21T13:08:28Z DEBUG gruesome::text] Shift to A1 (uppercase)
[2025-07-21T13:08:28Z DEBUG gruesome::text] Shift to A1 (uppercase)
[2025-07-21T13:08:28Z DEBUG gruesome::text] Shift to A2 (punctuation)
[2025-07-21T13:08:28Z DEBUG gruesome::interpreter] print at PC 33b85: 'PART I'
[2025-07-21T13:08:28Z DEBUG gruesome::text] Shift to A2 (punctuation)
[2025-07-21T13:08:28Z DEBUG gruesome::text] ZSCII escape at position 2 in zchars
[2025-07-21T13:08:28Z DEBUG gruesome::text] ZSCII escape: high=1, low=10, code=42
[2025-07-21T13:08:28Z DEBUG gruesome::text] ZSCII code 42 = '*'
[2025-07-21T13:08:28Z DEBUG gruesome::text] Shift to A2 (punctuation)
[2025-07-21T13:08:28Z DEBUG gruesome::interpreter] print at PC 33ba1: ' *'
[2025-07-21T13:08:28Z DEBUG gruesome::interpreter] buffer_mode: on
[2025-07-21T13:08:28Z DEBUG gruesome::interpreter] set_text_style: style=0
[2025-07-21T13:08:28Z DEBUG gruesome::display_headless] Headless: set_text_style(0)
[2025-07-21T13:08:28Z DEBUG gruesome::interpreter] set_window: window=0
[2025-07-21T13:08:28Z DEBUG gruesome::display_headless] Headless: set_window(0)
[2025-07-21T13:08:28Z DEBUG gruesome::interpreter] Returning from routine: value=1, return_pc=0cc6a
[2025-07-21T13:08:28Z DEBUG gruesome::interpreter] Stack before truncate: len=8, base=4
[2025-07-21T13:08:28Z DEBUG gruesome::interpreter] Storing return value 1 to variable 0
[2025-07-21T13:08:28Z DEBUG gruesome::interpreter] Stack len after store: 5
[2025-07-21T13:08:28Z DEBUG gruesome::interpreter] Creating call frame with return_store=Some(0), stack_base=5
[2025-07-21T13:08:28Z DEBUG gruesome::interpreter] Returning from routine: value=1, return_pc=0cc74
[2025-07-21T13:08:28Z DEBUG gruesome::interpreter] Stack before truncate: len=5, base=5
[2025-07-21T13:08:28Z DEBUG gruesome::interpreter] Storing return value 1 to variable 0
[2025-07-21T13:08:28Z DEBUG gruesome::interpreter] Stack len after store: 6
[2025-07-21T13:08:28Z DEBUG gruesome::text] Shift to A2 (punctuation)
[2025-07-21T13:08:28Z DEBUG gruesome::text] Shift to A1 (uppercase)
[2025-07-21T13:08:28Z DEBUG gruesome::interpreter] print at PC 0cc74: '"Tomorrow never yet'
[2025-07-21T13:08:28Z DEBUG gruesome::interpreter] Creating call frame with return_store=Some(0), stack_base=6
[2025-07-21T13:08:28Z DEBUG gruesome::interpreter] Returning from routine: value=1, return_pc=0cc8a
[2025-07-21T13:08:28Z DEBUG gruesome::interpreter] Stack before truncate: len=6, base=6
[2025-07-21T13:08:28Z DEBUG gruesome::interpreter] Storing return value 1 to variable 0
[2025-07-21T13:08:28Z DEBUG gruesome::interpreter] Stack len after store: 7
[2025-07-21T13:08:28Z DEBUG gruesome::text] Shift to A1 (uppercase)
[2025-07-21T13:08:28Z DEBUG gruesome::text] Shift to A2 (punctuation)
[2025-07-21T13:08:28Z DEBUG gruesome::text] Shift to A2 (punctuation)
[2025-07-21T13:08:28Z DEBUG gruesome::text] Shift to A2 (punctuation)
[2025-07-21T13:08:28Z DEBUG gruesome::text] Shift to A2 (punctuation)
[2025-07-21T13:08:28Z DEBUG gruesome::interpreter] print at PC 0cc8a: 'On any human being rose or set."'
[2025-07-21T13:08:28Z DEBUG gruesome::interpreter] Creating call frame with return_store=Some(0), stack_base=7
[2025-07-21T13:08:28Z DEBUG gruesome::interpreter] Returning from routine: value=1, return_pc=0ccaa
[2025-07-21T13:08:28Z DEBUG gruesome::interpreter] Stack before truncate: len=7, base=7
[2025-07-21T13:08:28Z DEBUG gruesome::interpreter] Storing return value 1 to variable 0
[2025-07-21T13:08:28Z DEBUG gruesome::interpreter] Stack len after store: 8
[2025-07-21T13:08:28Z DEBUG gruesome::text] Shift to A2 (punctuation)
[2025-07-21T13:08:28Z DEBUG gruesome::text] Shift to A2 (punctuation)
[2025-07-21T13:08:28Z DEBUG gruesome::text] Shift to A1 (uppercase)
[2025-07-21T13:08:28Z DEBUG gruesome::text] Shift to A1 (uppercase)
[2025-07-21T13:08:28Z DEBUG gruesome::text] Shift to A2 (punctuation)
[2025-07-21T13:08:28Z DEBUG gruesome::text] Shift to A2 (punctuation)
[2025-07-21T13:08:28Z DEBUG gruesome::interpreter] print at PC 0ccaa: '-- William Marsden'
[2025-07-21T13:08:28Z DEBUG gruesome::interpreter] Creating call frame with return_store=Some(0), stack_base=8
[2025-07-21T13:08:28Z DEBUG gruesome::text] Shift to A2 (punctuation)
[2025-07-21T13:08:28Z DEBUG gruesome::text] ZSCII escape at position 1 in zchars
[2025-07-21T13:08:28Z DEBUG gruesome::text] ZSCII escape: high=2, low=27, code=91
[2025-07-21T13:08:28Z DEBUG gruesome::text] ZSCII code 91 = '['
[2025-07-21T13:08:28Z DEBUG gruesome::text] Shift to A1 (uppercase)
[2025-07-21T13:08:28Z DEBUG gruesome::text] Shift to A2 (punctuation)
[2025-07-21T13:08:28Z DEBUG gruesome::text] Shift to A2 (punctuation)
[2025-07-21T13:08:28Z DEBUG gruesome::text] ZSCII escape at position 30 in zchars
[2025-07-21T13:08:28Z DEBUG gruesome::text] ZSCII escape: high=2, low=29, code=93
[2025-07-21T13:08:28Z DEBUG gruesome::text] ZSCII code 93 = ']'
[2025-07-21T13:08:28Z DEBUG gruesome::interpreter] print at PC 19b13: '[Hit any key to continue.]'
[2025-07-21T13:08:28Z DEBUG gruesome::interpreter] buffer_mode: off
[2025-07-21T13:08:28Z DEBUG gruesome::interpreter] buffer_mode: on
[2025-07-21T13:08:28Z DEBUG gruesome::interpreter] read_char: time=0, routine=0x0000, has_timer=false
[2025-07-21T13:08:28Z DEBUG gruesome::timed_input] read_char_with_timeout_callback: time=0 tenths, routine=0x0000
[2025-07-21T13:08:28Z DEBUG gruesome::timed_input] Terminal input detected - using non-blocking character read
[2025-07-21T13:08:28Z DEBUG gruesome::timed_input] Entering non-blocking character read mode
[2025-07-21T13:08:28Z INFO  gruesome::timed_input] Non-blocking char read. Timeout: None, routine: 0x0000
[2025-07-21T13:08:31Z DEBUG gruesome::timed_input] Character received: 'c' (0x63)
[?7h[2025-07-21T13:08:31Z DEBUG gruesome::interpreter] Returning from routine: value=99, return_pc=0ccc4
[2025-07-21T13:08:31Z DEBUG gruesome::interpreter] Stack before truncate: len=8, base=8
[2025-07-21T13:08:31Z DEBUG gruesome::interpreter] Storing return value 99 to variable 0
[2025-07-21T13:08:31Z DEBUG gruesome::interpreter] Stack len after store: 9
[2025-07-21T13:08:31Z DEBUG gruesome::interpreter] Creating call frame with return_store=Some(0), stack_base=9
[2025-07-21T13:08:31Z DEBUG gruesome::interpreter] erase_window: window=-1
[2025-07-21T13:08:31Z DEBUG gruesome::interpreter] split_window: lines=2
[2025-07-21T13:08:31Z DEBUG gruesome::display_headless] Headless: split_window(2)
[2025-07-21T13:08:31Z DEBUG gruesome::interpreter] set_window: window=1
[2025-07-21T13:08:31Z DEBUG gruesome::display_headless] Headless: set_window(1)
[2025-07-21T13:08:31Z DEBUG gruesome::interpreter] buffer_mode: off
[2025-07-21T13:08:31Z DEBUG gruesome::interpreter] Creating call frame with return_store=Some(0), stack_base=9
[2025-07-21T13:08:31Z DEBUG gruesome::interpreter] set_cursor: line=1, column=1
[2025-07-21T13:08:31Z DEBUG gruesome::display_headless] Headless: set_cursor(1, 1)
[2025-07-21T13:08:31Z DEBUG gruesome::interpreter] set_text_style: style=1
[2025-07-21T13:08:31Z DEBUG gruesome::display_headless] Headless: set_text_style(1)
[2025-07-21T13:08:31Z DEBUG gruesome::interpreter] buffer_mode: on
[2025-07-21T13:08:31Z DEBUG gruesome::text] Shift to A2 (punctuation)
[2025-07-21T13:08:31Z DEBUG gruesome::text] Shift to A2 (punctuation)
[2025-07-21T13:08:31Z DEBUG gruesome::interpreter] print at PC 19aa5: '                                        '
[2025-07-21T13:08:31Z DEBUG gruesome::interpreter] buffer_mode: off
[2025-07-21T13:08:31Z DEBUG gruesome::interpreter] buffer_mode: on
[2025-07-21T13:08:31Z DEBUG gruesome::text] Shift to A2 (punctuation)
[2025-07-21T13:08:31Z DEBUG gruesome::text] Shift to A2 (punctuation)
[2025-07-21T13:08:31Z DEBUG gruesome::interpreter] print at PC 19aa5: '                                        '
[2025-07-21T13:08:31Z DEBUG gruesome::interpreter] buffer_mode: off
[2025-07-21T13:08:31Z DEBUG gruesome::interpreter] set_text_style: style=0
[2025-07-21T13:08:31Z DEBUG gruesome::display_headless] Headless: set_text_style(0)
[2025-07-21T13:08:31Z DEBUG gruesome::interpreter] Returning from routine: value=1, return_pc=19a48
[2025-07-21T13:08:31Z DEBUG gruesome::interpreter] Stack before truncate: len=9, base=9
[2025-07-21T13:08:31Z DEBUG gruesome::interpreter] Storing return value 1 to variable 0
[2025-07-21T13:08:31Z DEBUG gruesome::interpreter] Stack len after store: 10
[2025-07-21T13:08:31Z DEBUG gruesome::interpreter] Creating call frame with return_store=Some(0), stack_base=10
[2025-07-21T13:08:31Z DEBUG gruesome::interpreter] set_cursor: line=2, column=1
[2025-07-21T13:08:31Z DEBUG gruesome::display_headless] Headless: set_cursor(2, 1)
[2025-07-21T13:08:31Z DEBUG gruesome::interpreter] set_text_style: style=1
[2025-07-21T13:08:31Z DEBUG gruesome::display_headless] Headless: set_text_style(1)
[2025-07-21T13:08:31Z DEBUG gruesome::interpreter] buffer_mode: on
[2025-07-21T13:08:31Z DEBUG gruesome::text] Shift to A2 (punctuation)
[2025-07-21T13:08:31Z DEBUG gruesome::text] Shift to A2 (punctuation)
[2025-07-21T13:08:31Z DEBUG gruesome::interpreter] print at PC 19aa5: '                                        '
[2025-07-21T13:08:31Z DEBUG gruesome::interpreter] buffer_mode: off
[2025-07-21T13:08:31Z DEBUG gruesome::interpreter] buffer_mode: on
[2025-07-21T13:08:31Z DEBUG gruesome::text] Shift to A2 (punctuation)
[2025-07-21T13:08:31Z DEBUG gruesome::text] Shift to A2 (punctuation)
[2025-07-21T13:08:31Z DEBUG gruesome::interpreter] print at PC 19aa5: '                                        '
[2025-07-21T13:08:31Z DEBUG gruesome::interpreter] buffer_mode: off
[2025-07-21T13:08:31Z DEBUG gruesome::interpreter] set_text_style: style=0
[2025-07-21T13:08:31Z DEBUG gruesome::display_headless] Headless: set_text_style(0)
[2025-07-21T13:08:31Z DEBUG gruesome::interpreter] Returning from routine: value=1, return_pc=19a4e
[2025-07-21T13:08:31Z DEBUG gruesome::interpreter] Stack before truncate: len=10, base=10
[2025-07-21T13:08:31Z DEBUG gruesome::interpreter] Storing return value 1 to variable 0
[2025-07-21T13:08:31Z DEBUG gruesome::interpreter] Stack len after store: 11
[2025-07-21T13:08:31Z DEBUG gruesome::interpreter] set_text_style: style=1
[2025-07-21T13:08:31Z DEBUG gruesome::display_headless] Headless: set_text_style(1)
[2025-07-21T13:08:31Z DEBUG gruesome::interpreter] set_cursor: line=1, column=2
[2025-07-21T13:08:31Z DEBUG gruesome::display_headless] Headless: set_cursor(1, 2)
[2025-07-21T13:08:31Z DEBUG gruesome::text] Shift to A1 (uppercase)
[2025-07-21T13:08:31Z DEBUG gruesome::text] Shift to A2 (punctuation)
[2025-07-21T13:08:31Z DEBUG gruesome::text] Shift to A2 (punctuation)
[2025-07-21T13:08:31Z DEBUG gruesome::text] Shift to A2 (punctuation)
[2025-07-21T13:08:31Z DEBUG gruesome::interpreter] print at PC 19a55: 'Mode:'
[2025-07-21T13:08:31Z DEBUG gruesome::interpreter] set_cursor: line=1, column=60
[2025-07-21T13:08:31Z DEBUG gruesome::display_headless] Headless: set_cursor(1, 60)
[2025-07-21T13:08:31Z DEBUG gruesome::text] Shift to A1 (uppercase)
[2025-07-21T13:08:31Z DEBUG gruesome::text] Shift to A2 (punctuation)
[2025-07-21T13:08:31Z DEBUG gruesome::text] Shift to A2 (punctuation)
[2025-07-21T13:08:31Z DEBUG gruesome::text] Shift to A2 (punctuation)
[2025-07-21T13:08:31Z DEBUG gruesome::interpreter] print at PC 19a60: 'Time:'
[2025-07-21T13:08:31Z DEBUG gruesome::interpreter] set_cursor: line=2, column=2
[2025-07-21T13:08:31Z DEBUG gruesome::display_headless] Headless: set_cursor(2, 2)
[2025-07-21T13:08:31Z DEBUG gruesome::text] Shift to A1 (uppercase)
[2025-07-21T13:08:31Z DEBUG gruesome::text] Shift to A2 (punctuation)
[2025-07-21T13:08:31Z DEBUG gruesome::text] Shift to A2 (punctuation)
[2025-07-21T13:08:31Z DEBUG gruesome::interpreter] print at PC 19a6b: 'Location:'
[2025-07-21T13:08:31Z DEBUG gruesome::interpreter] set_cursor: line=2, column=60
[2025-07-21T13:08:31Z DEBUG gruesome::display_headless] Headless: set_cursor(2, 60)
[2025-07-21T13:08:31Z DEBUG gruesome::text] Shift to A1 (uppercase)
[2025-07-21T13:08:31Z DEBUG gruesome::text] Shift to A2 (punctuation)
[2025-07-21T13:08:31Z DEBUG gruesome::text] Shift to A2 (punctuation)
[2025-07-21T13:08:31Z DEBUG gruesome::text] Shift to A2 (punctuation)
[2025-07-21T13:08:31Z DEBUG gruesome::interpreter] print at PC 19a78: 'Date:'
[2025-07-21T13:08:31Z DEBUG gruesome::interpreter] set_text_style: style=0
[2025-07-21T13:08:31Z DEBUG gruesome::display_headless] Headless: set_text_style(0)
[2025-07-21T13:08:31Z DEBUG gruesome::interpreter] buffer_mode: on
[2025-07-21T13:08:31Z DEBUG gruesome::interpreter] set_window: window=0
[2025-07-21T13:08:31Z DEBUG gruesome::display_headless] Headless: set_window(0)
[2025-07-21T13:08:31Z DEBUG gruesome::interpreter] Returning from routine: value=1, return_pc=0ccca
[2025-07-21T13:08:31Z DEBUG gruesome::interpreter] Stack before truncate: len=11, base=9
[2025-07-21T13:08:31Z DEBUG gruesome::interpreter] Storing return value 1 to variable 0
[2025-07-21T13:08:31Z DEBUG gruesome::interpreter] Stack len after store: 10
[2025-07-21T13:08:31Z DEBUG gruesome::interpreter] Creating call frame with return_store=Some(0), stack_base=10
[2025-07-21T13:08:31Z DEBUG gruesome::interpreter] buffer_mode: off
[2025-07-21T13:08:31Z DEBUG gruesome::interpreter] set_window: window=1
[2025-07-21T13:08:31Z DEBUG gruesome::display_headless] Headless: set_window(1)
[2025-07-21T13:08:31Z DEBUG gruesome::interpreter] set_text_style: style=1
[2025-07-21T13:08:31Z DEBUG gruesome::display_headless] Headless: set_text_style(1)
[2025-07-21T13:08:31Z DEBUG gruesome::interpreter] Unsupported output stream: 3
[2025-07-21T13:08:31Z DEBUG gruesome::interpreter] Creating call frame with return_store=Some(0), stack_base=10
[2025-07-21T13:08:31Z DEBUG gruesome::vm] get_property_addr: obj=45, prop=38
[2025-07-21T13:08:31Z DEBUG gruesome::vm] get_property_addr: obj=45, prop=46
[2025-07-21T13:08:31Z DEBUG gruesome::interpreter] print_obj: object #45 at PC 0xcc27
[2025-07-21T13:08:31Z DEBUG gruesome::text] Shift to A1 (uppercase)
[2025-07-21T13:08:31Z DEBUG gruesome::text] Shift to A1 (uppercase)
[2025-07-21T13:08:31Z DEBUG gruesome::interpreter] Returning from routine: value=1, return_pc=19b6a
[2025-07-21T13:08:31Z DEBUG gruesome::interpreter] Stack before truncate: len=10, base=10
[2025-07-21T13:08:31Z DEBUG gruesome::interpreter] Storing return value 1 to variable 0
[2025-07-21T13:08:31Z DEBUG gruesome::interpreter] Stack len after store: 11
[2025-07-21T13:08:31Z DEBUG gruesome::interpreter] Unsupported output stream: -3
[2025-07-21T13:08:31Z DEBUG gruesome::interpreter] set_cursor: line=1, column=9
[2025-07-21T13:08:31Z DEBUG gruesome::display_headless] Headless: set_cursor(1, 9)
[2025-07-21T13:08:31Z DEBUG gruesome::interpreter] Creating call frame with return_store=Some(0), stack_base=11
[2025-07-21T13:08:31Z DEBUG gruesome::vm] get_property_addr: obj=45, prop=38
[2025-07-21T13:08:31Z DEBUG gruesome::vm] get_property_addr: obj=45, prop=46
[2025-07-21T13:08:31Z DEBUG gruesome::interpreter] print_obj: object #45 at PC 0xcc27
[2025-07-21T13:08:31Z DEBUG gruesome::text] Shift to A1 (uppercase)
[2025-07-21T13:08:31Z DEBUG gruesome::text] Shift to A1 (uppercase)
[2025-07-21T13:08:31Z DEBUG gruesome::interpreter] Returning from routine: value=1, return_pc=19b8d
[2025-07-21T13:08:31Z DEBUG gruesome::interpreter] Stack before truncate: len=11, base=11
[2025-07-21T13:08:31Z DEBUG gruesome::interpreter] Storing return value 1 to variable 0
[2025-07-21T13:08:31Z DEBUG gruesome::interpreter] Stack len after store: 12
[2025-07-21T13:08:31Z DEBUG gruesome::interpreter] Creating call frame with return_store=Some(0), stack_base=12
[2025-07-21T13:08:31Z DEBUG gruesome::interpreter] Returning from routine: value=1, return_pc=19bb1
[2025-07-21T13:08:31Z DEBUG gruesome::interpreter] Stack before truncate: len=12, base=12
[2025-07-21T13:08:31Z DEBUG gruesome::interpreter] Storing return value 1 to variable 0
[2025-07-21T13:08:31Z DEBUG gruesome::interpreter] Stack len after store: 13
[2025-07-21T13:08:31Z DEBUG gruesome::interpreter] set_cursor: line=1, column=67
[2025-07-21T13:08:31Z DEBUG gruesome::display_headless] Headless: set_cursor(1, 67)
[2025-07-21T13:08:31Z DEBUG gruesome::interpreter] Creating call frame with return_store=Some(0), stack_base=13
[2025-07-21T13:08:31Z DEBUG gruesome::text] Shift to A2 (punctuation)
[2025-07-21T13:08:31Z DEBUG gruesome::text] Shift to A2 (punctuation)
[2025-07-21T13:08:31Z DEBUG gruesome::interpreter] print at PC 19c99: ':'
[2025-07-21T13:08:31Z DEBUG gruesome::text] Shift to A2 (punctuation)
[2025-07-21T13:08:31Z DEBUG gruesome::text] Shift to A2 (punctuation)
[2025-07-21T13:08:31Z DEBUG gruesome::interpreter] print at PC 19ca4: '0'
[2025-07-21T13:08:31Z DEBUG gruesome::interpreter] Creating call frame with return_store=Some(0), stack_base=13
[2025-07-21T13:08:31Z DEBUG gruesome::text] Shift to A2 (punctuation)
[2025-07-21T13:08:31Z DEBUG gruesome::interpreter] print at PC 19cf3: 'pm'
[2025-07-21T13:08:31Z DEBUG gruesome::interpreter] Returning from routine: value=1, return_pc=19cb3
[2025-07-21T13:08:31Z DEBUG gruesome::interpreter] Stack before truncate: len=13, base=13
[2025-07-21T13:08:31Z DEBUG gruesome::interpreter] Storing return value 1 to variable 0
[2025-07-21T13:08:31Z DEBUG gruesome::interpreter] Stack len after store: 14
[2025-07-21T13:08:31Z DEBUG gruesome::interpreter] Returning from routine: value=1, return_pc=19bc7
[2025-07-21T13:08:31Z DEBUG gruesome::interpreter] Stack before truncate: len=13, base=13
[2025-07-21T13:08:31Z DEBUG gruesome::interpreter] Storing return value 1 to variable 0
[2025-07-21T13:08:31Z DEBUG gruesome::interpreter] Stack len after store: 14
[2025-07-21T13:08:31Z DEBUG gruesome::interpreter] Creating call frame with return_store=Some(0), stack_base=14
[2025-07-21T13:08:31Z DEBUG gruesome::interpreter] Returning from routine: value=1, return_pc=19bcd
[2025-07-21T13:08:31Z DEBUG gruesome::interpreter] Stack before truncate: len=14, base=14
[2025-07-21T13:08:31Z DEBUG gruesome::interpreter] Storing return value 1 to variable 0
[2025-07-21T13:08:31Z DEBUG gruesome::interpreter] Stack len after store: 15
[2025-07-21T13:08:31Z DEBUG gruesome::interpreter] set_cursor: line=2, column=13
[2025-07-21T13:08:31Z DEBUG gruesome::display_headless] Headless: set_cursor(2, 13)
[2025-07-21T13:08:31Z DEBUG gruesome::interpreter] Unsupported output stream: 3
[2025-07-21T13:08:31Z DEBUG gruesome::interpreter] Creating call frame with return_store=Some(0), stack_base=15
[2025-07-21T13:08:31Z DEBUG gruesome::vm] get_property_addr: obj=146, prop=38
[2025-07-21T13:08:31Z DEBUG gruesome::vm] get_property_addr: obj=146, prop=46
[2025-07-21T13:08:31Z DEBUG gruesome::interpreter] print_obj: object #146 at PC 0xcc27
[2025-07-21T13:08:31Z DEBUG gruesome::text] Shift to A2 (punctuation)
[2025-07-21T13:08:31Z DEBUG gruesome::text] Shift to A2 (punctuation)
[2025-07-21T13:08:31Z DEBUG gruesome::text] Shift to A2 (punctuation)
[2025-07-21T13:08:31Z DEBUG gruesome::text] Shift to A2 (punctuation)
[2025-07-21T13:08:31Z DEBUG gruesome::interpreter] Returning from routine: value=1, return_pc=19bfb
[2025-07-21T13:08:31Z DEBUG gruesome::interpreter] Stack before truncate: len=15, base=15
[2025-07-21T13:08:31Z DEBUG gruesome::interpreter] Storing return value 1 to variable 0
[2025-07-21T13:08:31Z DEBUG gruesome::interpreter] Stack len after store: 16
[2025-07-21T13:08:31Z DEBUG gruesome::interpreter] Unsupported output stream: -3
[2025-07-21T13:08:31Z DEBUG gruesome::interpreter] Creating call frame with return_store=Some(0), stack_base=16
[2025-07-21T13:08:31Z DEBUG gruesome::vm] get_property_addr: obj=146, prop=38
[2025-07-21T13:08:31Z DEBUG gruesome::vm] get_property_addr: obj=146, prop=46
[2025-07-21T13:08:31Z DEBUG gruesome::interpreter] print_obj: object #146 at PC 0xcc27
[2025-07-21T13:08:31Z DEBUG gruesome::text] Shift to A2 (punctuation)
[2025-07-21T13:08:31Z DEBUG gruesome::text] Shift to A2 (punctuation)
[2025-07-21T13:08:31Z DEBUG gruesome::text] Shift to A2 (punctuation)
[2025-07-21T13:08:31Z DEBUG gruesome::text] Shift to A2 (punctuation)
[2025-07-21T13:08:31Z DEBUG gruesome::interpreter] Returning from routine: value=1, return_pc=19c0f
[2025-07-21T13:08:31Z DEBUG gruesome::interpreter] Stack before truncate: len=16, base=16
[2025-07-21T13:08:31Z DEBUG gruesome::interpreter] Storing return value 1 to variable 0
[2025-07-21T13:08:31Z DEBUG gruesome::interpreter] Stack len after store: 17
[2025-07-21T13:08:31Z DEBUG gruesome::interpreter] Creating call frame with return_store=Some(0), stack_base=17
[2025-07-21T13:08:31Z DEBUG gruesome::interpreter] Returning from routine: value=1, return_pc=19c19
[2025-07-21T13:08:31Z DEBUG gruesome::interpreter] Stack before truncate: len=17, base=17
[2025-07-21T13:08:31Z DEBUG gruesome::interpreter] Storing return value 1 to variable 0
[2025-07-21T13:08:31Z DEBUG gruesome::interpreter] Stack len after store: 18
[2025-07-21T13:08:31Z DEBUG gruesome::interpreter] set_cursor: line=2, column=67
[2025-07-21T13:08:31Z DEBUG gruesome::display_headless] Headless: set_cursor(2, 67)
[2025-07-21T13:08:31Z DEBUG gruesome::text] Shift to A2 (punctuation)
[2025-07-21T13:08:31Z DEBUG gruesome::text] Shift to A2 (punctuation)
[2025-07-21T13:08:31Z DEBUG gruesome::interpreter] print at PC 19c4d: '/'
[2025-07-21T13:08:31Z DEBUG gruesome::text] Shift to A2 (punctuation)
[2025-07-21T13:08:31Z DEBUG gruesome::text] Shift to A2 (punctuation)
[2025-07-21T13:08:31Z DEBUG gruesome::interpreter] print at PC 19c53: '/'
[2025-07-21T13:08:31Z DEBUG gruesome::interpreter] Creating call frame with return_store=Some(0), stack_base=18
[2025-07-21T13:08:31Z DEBUG gruesome::interpreter] Returning from routine: value=1, return_pc=19c62
[2025-07-21T13:08:31Z DEBUG gruesome::interpreter] Stack before truncate: len=18, base=18
[2025-07-21T13:08:31Z DEBUG gruesome::interpreter] Storing return value 1 to variable 0
[2025-07-21T13:08:31Z DEBUG gruesome::interpreter] Stack len after store: 19
[2025-07-21T13:08:31Z DEBUG gruesome::interpreter] set_window: window=0
[2025-07-21T13:08:31Z DEBUG gruesome::display_headless] Headless: set_window(0)
[2025-07-21T13:08:31Z DEBUG gruesome::interpreter] set_text_style: style=0
[2025-07-21T13:08:31Z DEBUG gruesome::display_headless] Headless: set_text_style(0)
[2025-07-21T13:08:31Z DEBUG gruesome::interpreter] buffer_mode: on
[2025-07-21T13:08:31Z DEBUG gruesome::interpreter] Returning from routine: value=1, return_pc=0ccce
[2025-07-21T13:08:31Z DEBUG gruesome::interpreter] Stack before truncate: len=19, base=10
[2025-07-21T13:08:31Z DEBUG gruesome::interpreter] Storing return value 1 to variable 0
[2025-07-21T13:08:31Z DEBUG gruesome::interpreter] Stack len after store: 11
[2025-07-21T13:08:31Z DEBUG gruesome::text] Shift to A1 (uppercase)
[2025-07-21T13:08:31Z DEBUG gruesome::text] Shift to A2 (punctuation)
[2025-07-21T13:08:31Z DEBUG gruesome::text] Shift to A2 (punctuation)
[2025-07-21T13:08:31Z DEBUG gruesome::text] Shift to A2 (punctuation)
[2025-07-21T13:08:31Z DEBUG gruesome::text] Shift to A2 (punctuation)
[2025-07-21T13:08:31Z DEBUG gruesome::text] Shift to A2 (punctuation)
[2025-07-21T13:08:31Z DEBUG gruesome::text] Shift to A2 (punctuation)
[2025-07-21T13:08:31Z DEBUG gruesome::text] Shift to A2 (punctuation)
[2025-07-21T13:08:31Z DEBUG gruesome::text] Shift to A2 (punctuation)
[2025-07-21T13:08:31Z DEBUG gruesome::interpreter] print at PC 0ccce: 'You "hear" a message coming in on the of...'
[2025-07-21T13:08:31Z DEBUG gruesome::vm] get_property_addr: obj=17, prop=45
[2025-07-21T13:08:31Z DEBUG gruesome::interpreter] print_paddr at 0ccfb: operand=f27b
[2025-07-21T13:08:31Z DEBUG gruesome::text] Shift to A2 (punctuation)
[2025-07-21T13:08:31Z DEBUG gruesome::text] Shift to A1 (uppercase)
[2025-07-21T13:08:31Z DEBUG gruesome::text] Shift to A1 (uppercase)
[2025-07-21T13:08:31Z DEBUG gruesome::text] Shift to A1 (uppercase)
[2025-07-21T13:08:31Z DEBUG gruesome::text] Shift to A1 (uppercase)
[2025-07-21T13:08:31Z DEBUG gruesome::text] Shift to A1 (uppercase)
[2025-07-21T13:08:31Z DEBUG gruesome::text] Shift to A2 (punctuation)
[2025-07-21T13:08:31Z DEBUG gruesome::text] Shift to A1 (uppercase)
[2025-07-21T13:08:31Z DEBUG gruesome::text] Shift to A2 (punctuation)
[2025-07-21T13:08:31Z DEBUG gruesome::text] Shift to A2 (punctuation)
[2025-07-21T13:08:31Z DEBUG gruesome::text] Shift to A2 (punctuation)
[2025-07-21T13:08:31Z DEBUG gruesome::text] Shift to A2 (punctuation)
[2025-07-21T13:08:31Z DEBUG gruesome::text] Shift to A2 (punctuation)
[2025-07-21T13:08:31Z DEBUG gruesome::text] Shift to A1 (uppercase)
[2025-07-21T13:08:31Z DEBUG gruesome::text] Shift to A2 (punctuation)
[2025-07-21T13:08:31Z DEBUG gruesome::text] Shift to A2 (punctuation)
[2025-07-21T13:08:31Z DEBUG gruesome::text] Shift to A2 (punctuation)
[2025-07-21T13:08:31Z DEBUG gruesome::text] Shift to A2 (punctuation)
[2025-07-21T13:08:31Z DEBUG gruesome::text] Shift to A2 (punctuation)
[2025-07-21T13:08:31Z DEBUG gruesome::text] Shift to A2 (punctuation)
[2025-07-21T13:08:31Z DEBUG gruesome::text] Shift to A2 (punctuation)
[2025-07-21T13:08:31Z DEBUG gruesome::text] Shift to A2 (punctuation)
[2025-07-21T13:08:31Z DEBUG gruesome::text] Shift to A2 (punctuation)
[2025-07-21T13:08:31Z DEBUG gruesome::text] Shift to A2 (punctuation)
[2025-07-21T13:08:31Z DEBUG gruesome::text] ZSCII escape at position 58 in zchars
[2025-07-21T13:08:31Z DEBUG gruesome::text] ZSCII escape: high=1, low=5, code=37
[2025-07-21T13:08:31Z DEBUG gruesome::text] ZSCII code 37 = '%'
[2025-07-21T13:08:31Z DEBUG gruesome::text] Shift to A2 (punctuation)
[2025-07-21T13:08:31Z DEBUG gruesome::text] Shift to A2 (punctuation)
[2025-07-21T13:08:31Z DEBUG gruesome::text] Shift to A2 (punctuation)
[2025-07-21T13:08:31Z DEBUG gruesome::text] Shift to A2 (punctuation)
[2025-07-21T13:08:31Z DEBUG gruesome::text] Shift to A2 (punctuation)
[2025-07-21T13:08:31Z DEBUG gruesome::text] Shift to A2 (punctuation)
[2025-07-21T13:08:31Z DEBUG gruesome::text] Shift to A2 (punctuation)
[2025-07-21T13:08:31Z DEBUG gruesome::text] Shift to A2 (punctuation)
[2025-07-21T13:08:31Z DEBUG gruesome::text] Shift to A1 (uppercase)
[2025-07-21T13:08:31Z DEBUG gruesome::text] Shift to A2 (punctuation)
[2025-07-21T13:08:31Z DEBUG gruesome::text] Shift to A2 (punctuation)
[2025-07-21T13:08:31Z DEBUG gruesome::text] Shift to A2 (punctuation)
[2025-07-21T13:08:31Z DEBUG gruesome::text] Shift to A2 (punctuation)
[2025-07-21T13:08:31Z DEBUG gruesome::text] Shift to A1 (uppercase)
[2025-07-21T13:08:31Z DEBUG gruesome::text] Shift to A2 (punctuation)
[2025-07-21T13:08:31Z DEBUG gruesome::text] Shift to A2 (punctuation)
[2025-07-21T13:08:31Z DEBUG gruesome::text] Shift to A2 (punctuation)
[2025-07-21T13:08:31Z DEBUG gruesome::text] Shift to A2 (punctuation)
[2025-07-21T13:08:31Z DEBUG gruesome::text] Shift to A2 (punctuation)
[2025-07-21T13:08:31Z DEBUG gruesome::text] Shift to A2 (punctuation)
[2025-07-21T13:08:31Z DEBUG gruesome::text] Shift to A2 (punctuation)
[2025-07-21T13:08:31Z DEBUG gruesome::text] Shift to A1 (uppercase)
[2025-07-21T13:08:31Z DEBUG gruesome::text] Shift to A1 (uppercase)
[2025-07-21T13:08:31Z DEBUG gruesome::text] Shift to A2 (punctuation)
[2025-07-21T13:08:31Z DEBUG gruesome::text] Shift to A2 (punctuation)
[2025-07-21T13:08:31Z DEBUG gruesome::interpreter] Creating call frame with return_store=Some(0), stack_base=11
[2025-07-21T13:08:31Z DEBUG gruesome::interpreter] Creating call frame with return_store=Some(0), stack_base=11
[2025-07-21T13:08:31Z DEBUG gruesome::interpreter] Creating call frame with return_store=Some(0), stack_base=11
[2025-07-21T13:08:31Z DEBUG gruesome::interpreter] buffer_mode: off
[2025-07-21T13:08:31Z DEBUG gruesome::interpreter] buffer_mode: on
[2025-07-21T13:08:31Z DEBUG gruesome::interpreter] Unsupported output stream: 3
[2025-07-21T13:08:31Z DEBUG gruesome::interpreter] print_paddr at 0d669: operand=ef37
[2025-07-21T13:08:31Z DEBUG gruesome::text] Shift to A1 (uppercase)
[2025-07-21T13:08:31Z DEBUG gruesome::text] Shift to A1 (uppercase)
[2025-07-21T13:08:31Z DEBUG gruesome::text] Shift to A1 (uppercase)
[2025-07-21T13:08:31Z DEBUG gruesome::text] Shift to A1 (uppercase)
[2025-07-21T13:08:31Z DEBUG gruesome::text] Shift to A2 (punctuation)
[2025-07-21T13:08:31Z DEBUG gruesome::interpreter] Unsupported output stream: -3
[2025-07-21T13:08:31Z DEBUG gruesome::interpreter] Returning from routine: value=1, return_pc=19d00
[2025-07-21T13:08:31Z DEBUG gruesome::interpreter] Stack before truncate: len=11, base=11
[2025-07-21T13:08:31Z DEBUG gruesome::interpreter] Storing return value 1 to variable 0
[2025-07-21T13:08:31Z DEBUG gruesome::interpreter] Stack len after store: 12
[2025-07-21T13:08:31Z DEBUG gruesome::interpreter] Returning from routine: value=1, return_pc=12c86
[2025-07-21T13:08:31Z DEBUG gruesome::interpreter] Stack before truncate: len=11, base=11
[2025-07-21T13:08:31Z DEBUG gruesome::interpreter] Storing return value 1 to variable 0
[2025-07-21T13:08:31Z DEBUG gruesome::interpreter] Stack len after store: 12
[2025-07-21T13:08:31Z DEBUG gruesome::text] Shift to A1 (uppercase)
[2025-07-21T13:08:31Z DEBUG gruesome::text] Shift to A2 (punctuation)
[2025-07-21T13:08:31Z DEBUG gruesome::text] Shift to A2 (punctuation)
[2025-07-21T13:08:31Z DEBUG gruesome::text] Shift to A1 (uppercase)
[2025-07-21T13:08:31Z DEBUG gruesome::text] Shift to A2 (punctuation)
[2025-07-21T13:08:31Z DEBUG gruesome::text] Shift to A2 (punctuation)
[2025-07-21T13:08:31Z DEBUG gruesome::text] Shift to A2 (punctuation)
[2025-07-21T13:08:31Z DEBUG gruesome::text] Shift to A2 (punctuation)
[2025-07-21T13:08:31Z DEBUG gruesome::text] Shift to A2 (punctuation)
[2025-07-21T13:08:31Z DEBUG gruesome::text] Shift to A2 (punctuation)
[2025-07-21T13:08:31Z DEBUG gruesome::text] Shift to A1 (uppercase)
[2025-07-21T13:08:31Z DEBUG gruesome::text] Shift to A2 (punctuation)
[2025-07-21T13:08:31Z DEBUG gruesome::text] Shift to A1 (uppercase)
[2025-07-21T13:08:31Z DEBUG gruesome::text] Shift to A2 (punctuation)
[2025-07-21T13:08:31Z DEBUG gruesome::text] Shift to A1 (uppercase)
[2025-07-21T13:08:31Z DEBUG gruesome::text] Shift to A2 (punctuation)
[2025-07-21T13:08:31Z DEBUG gruesome::text] Shift to A2 (punctuation)
[2025-07-21T13:08:31Z DEBUG gruesome::text] Shift to A2 (punctuation)
[2025-07-21T13:08:31Z DEBUG gruesome::interpreter] print at PC 12c87: 'Infocom interactive fiction - a science ...'
[2025-07-21T13:08:31Z DEBUG gruesome::interpreter] Creating call frame with return_store=Some(0), stack_base=12
[2025-07-21T13:08:31Z DEBUG gruesome::interpreter] Creating call frame with return_store=Some(0), stack_base=12
[2025-07-21T13:08:31Z DEBUG gruesome::interpreter] buffer_mode: off
[2025-07-21T13:08:31Z DEBUG gruesome::interpreter] buffer_mode: on
[2025-07-21T13:08:31Z DEBUG gruesome::interpreter] Unsupported output stream: 3
[2025-07-21T13:08:31Z DEBUG gruesome::interpreter] print_paddr at 0d669: operand=ef37
[2025-07-21T13:08:31Z DEBUG gruesome::text] Shift to A1 (uppercase)
[2025-07-21T13:08:31Z DEBUG gruesome::text] Shift to A1 (uppercase)
[2025-07-21T13:08:31Z DEBUG gruesome::text] Shift to A1 (uppercase)
[2025-07-21T13:08:31Z DEBUG gruesome::text] Shift to A1 (uppercase)
[2025-07-21T13:08:31Z DEBUG gruesome::text] Shift to A2 (punctuation)
[2025-07-21T13:08:31Z DEBUG gruesome::interpreter] Unsupported output stream: -3
[2025-07-21T13:08:31Z DEBUG gruesome::interpreter] Returning from routine: value=1, return_pc=19d00
[2025-07-21T13:08:31Z DEBUG gruesome::interpreter] Stack before truncate: len=12, base=12
[2025-07-21T13:08:31Z DEBUG gruesome::interpreter] Storing return value 1 to variable 0
[2025-07-21T13:08:31Z DEBUG gruesome::interpreter] Stack len after store: 13
[2025-07-21T13:08:31Z DEBUG gruesome::interpreter] Returning from routine: value=1, return_pc=12cdf
[2025-07-21T13:08:31Z DEBUG gruesome::interpreter] Stack before truncate: len=12, base=12
[2025-07-21T13:08:31Z DEBUG gruesome::interpreter] Storing return value 1 to variable 0
[2025-07-21T13:08:31Z DEBUG gruesome::interpreter] Stack len after store: 13
[2025-07-21T13:08:31Z DEBUG gruesome::text] Shift to A1 (uppercase)
[2025-07-21T13:08:31Z DEBUG gruesome::text] Shift to A2 (punctuation)
[2025-07-21T13:08:31Z DEBUG gruesome::text] Shift to A1 (uppercase)
[2025-07-21T13:08:31Z DEBUG gruesome::text] Shift to A2 (punctuation)
[2025-07-21T13:08:31Z DEBUG gruesome::text] Shift to A2 (punctuation)
[2025-07-21T13:08:31Z DEBUG gruesome::text] Shift to A1 (uppercase)
[2025-07-21T13:08:31Z DEBUG gruesome::text] Shift to A2 (punctuation)
[2025-07-21T13:08:31Z DEBUG gruesome::interpreter] print at PC 12cdf: ' is a trademark of Infocom, Inc.
    Release...'
[2025-07-21T13:08:31Z DEBUG gruesome::text] Shift to A2 (punctuation)
[2025-07-21T13:08:31Z DEBUG gruesome::text] Shift to A1 (uppercase)
[2025-07-21T13:08:31Z DEBUG gruesome::text] Shift to A2 (punctuation)
[2025-07-21T13:08:31Z DEBUG gruesome::text] Shift to A2 (punctuation)
[2025-07-21T13:08:31Z DEBUG gruesome::interpreter] print at PC 12d01: ' / Serial number '
[2025-07-21T13:08:31Z DEBUG gruesome::interpreter] Returning from routine: value=1, return_pc=0cd03
[2025-07-21T13:08:31Z DEBUG gruesome::interpreter] Stack before truncate: len=13, base=11
[2025-07-21T13:08:31Z DEBUG gruesome::interpreter] Storing return value 1 to variable 0
[2025-07-21T13:08:31Z DEBUG gruesome::interpreter] Stack len after store: 12
[2025-07-21T13:08:31Z DEBUG gruesome::interpreter] Creating call frame with return_store=Some(0), stack_base=12
[2025-07-21T13:08:31Z DEBUG gruesome::text] Shift to A1 (uppercase)
[2025-07-21T13:08:31Z DEBUG gruesome::text] Shift to A2 (punctuation)
[2025-07-21T13:08:31Z DEBUG gruesome::text] Shift to A2 (punctuation)
[2025-07-21T13:08:31Z DEBUG gruesome::interpreter] print at PC 13a8a: 'You have entered '
[2025-07-21T13:08:31Z DEBUG gruesome::interpreter] print_obj: object #45 at PC 0x13a93
[2025-07-21T13:08:31Z DEBUG gruesome::text] Shift to A1 (uppercase)
[2025-07-21T13:08:31Z DEBUG gruesome::text] Shift to A1 (uppercase)
[2025-07-21T13:08:31Z DEBUG gruesome::text] Shift to A2 (punctuation)
[2025-07-21T13:08:31Z DEBUG gruesome::text] Shift to A2 (punctuation)
[2025-07-21T13:08:31Z DEBUG gruesome::interpreter] print at PC 13a95: '. '
[2025-07-21T13:08:31Z DEBUG gruesome::text] Shift to A1 (uppercase)
[2025-07-21T13:08:31Z DEBUG gruesome::text] Shift to A2 (punctuation)
[2025-07-21T13:08:31Z DEBUG gruesome::text] Shift to A2 (punctuation)
[2025-07-21T13:08:31Z DEBUG gruesome::text] Shift to A2 (punctuation)
[2025-07-21T13:08:31Z DEBUG gruesome::text] Shift to A2 (punctuation)
[2025-07-21T13:08:31Z DEBUG gruesome::text] Shift to A2 (punctuation)
[2025-07-21T13:08:31Z DEBUG gruesome::interpreter] print at PC 13a9c: 'The following locations are equipped wit...'
[2025-07-21T13:08:31Z DEBUG gruesome::interpreter] Call to packed address 0x341e (unpacked: d078) with store_var = Some(0)
[2025-07-21T13:08:31Z DEBUG gruesome::interpreter] Creating call frame with return_store=Some(0), stack_base=12
[2025-07-21T13:08:31Z DEBUG gruesome::vm] get_property_addr: obj=105, prop=54
[2025-07-21T13:08:31Z DEBUG gruesome::interpreter] Call to packed address 0x3459 (unpacked: d164) with store_var = Some(4)
[2025-07-21T13:08:31Z DEBUG gruesome::interpreter] Creating call frame with return_store=Some(4), stack_base=12
[2025-07-21T13:08:31Z DEBUG gruesome::interpreter] Call to packed address 0x5ae5 (unpacked: 16b94) with store_var = Some(0)
[2025-07-21T13:08:31Z DEBUG gruesome::interpreter] Creating call frame with return_store=Some(0), stack_base=12
[2025-07-21T13:08:31Z DEBUG gruesome::interpreter] Returning from routine: value=0, return_pc=0d17f
[2025-07-21T13:08:31Z DEBUG gruesome::interpreter] Stack before truncate: len=12, base=12
[2025-07-21T13:08:31Z DEBUG gruesome::interpreter] Storing return value 0 to variable 0
[2025-07-21T13:08:31Z DEBUG gruesome::interpreter] Stack len after store: 13
[2025-07-21T13:08:31Z DEBUG gruesome::interpreter] Returning from routine: value=0, return_pc=0d0f2
[2025-07-21T13:08:31Z DEBUG gruesome::interpreter] Stack before truncate: len=12, base=12
[2025-07-21T13:08:31Z DEBUG gruesome::interpreter] Storing return value 0 to variable 4
[2025-07-21T13:08:31Z DEBUG gruesome::interpreter] Stack len after store: 12
[2025-07-21T13:08:31Z DEBUG gruesome::vm] get_property_addr: obj=146, prop=54
[2025-07-21T13:08:31Z DEBUG gruesome::interpreter] Call to packed address 0x3459 (unpacked: d164) with store_var = Some(4)
[2025-07-21T13:08:31Z DEBUG gruesome::interpreter] Creating call frame with return_store=Some(4), stack_base=12
[2025-07-21T13:08:31Z DEBUG gruesome::interpreter] Returning from routine: value=0, return_pc=0d105
[2025-07-21T13:08:31Z DEBUG gruesome::interpreter] Stack before truncate: len=12, base=12
[2025-07-21T13:08:31Z DEBUG gruesome::interpreter] Storing return value 0 to variable 4
[2025-07-21T13:08:31Z DEBUG gruesome::interpreter] Stack len after store: 12
[2025-07-21T13:08:31Z DEBUG gruesome::interpreter] Call to packed address 0x3459 (unpacked: d164) with store_var = Some(4)
[2025-07-21T13:08:31Z DEBUG gruesome::interpreter] Creating call frame with return_store=Some(4), stack_base=12
[2025-07-21T13:08:31Z DEBUG gruesome::interpreter] Returning from routine: value=0, return_pc=0d117
[2025-07-21T13:08:31Z DEBUG gruesome::interpreter] Stack before truncate: len=12, base=12
[2025-07-21T13:08:31Z DEBUG gruesome::interpreter] Storing return value 0 to variable 4
[2025-07-21T13:08:31Z DEBUG gruesome::interpreter] Stack len after store: 12
[2025-07-21T13:08:31Z DEBUG gruesome::vm] get_property_addr: obj=290, prop=54
[2025-07-21T13:08:31Z DEBUG gruesome::interpreter] Call to packed address 0x3459 (unpacked: d164) with store_var = Some(4)
[2025-07-21T13:08:31Z DEBUG gruesome::interpreter] Creating call frame with return_store=Some(4), stack_base=12
[2025-07-21T13:08:31Z DEBUG gruesome::interpreter] Call to packed address 0xaf28 (unpacked: 2bca0) with store_var = Some(0)
[2025-07-21T13:08:31Z DEBUG gruesome::interpreter] Creating call frame with return_store=Some(0), stack_base=12
[2025-07-21T13:08:31Z DEBUG gruesome::interpreter] print at PC 2bcc3: '   '
[2025-07-21T13:08:31Z DEBUG gruesome::interpreter] print_obj: object #539 at PC 0x2bcc6
[2025-07-21T13:08:31Z DEBUG gruesome::text] Shift to A1 (uppercase)
[2025-07-21T13:08:31Z DEBUG gruesome::text] Shift to A1 (uppercase)
[2025-07-21T13:08:31Z DEBUG gruesome::text] Shift to A1 (uppercase)
[2025-07-21T13:08:31Z DEBUG gruesome::text] Shift to A1 (uppercase)
[2025-07-21T13:08:31Z DEBUG gruesome::text] Shift to A1 (uppercase)
[2025-07-21T13:08:31Z DEBUG gruesome::text] Shift to A2 (punctuation)
[2025-07-21T13:08:31Z DEBUG gruesome::text] Shift to A1 (uppercase)
[2025-07-21T13:08:31Z DEBUG gruesome::text] Shift to A1 (uppercase)
[2025-07-21T13:08:31Z DEBUG gruesome::text] Shift to A1 (uppercase)
[2025-07-21T13:08:31Z DEBUG gruesome::text] Shift to A2 (punctuation)
[2025-07-21T13:08:31Z DEBUG gruesome::text] Shift to A1 (uppercase)
[2025-07-21T13:08:31Z DEBUG gruesome::text] Shift to A1 (uppercase)
[2025-07-21T13:08:31Z DEBUG gruesome::text] Shift to A1 (uppercase)
[2025-07-21T13:08:31Z DEBUG gruesome::text] Shift to A1 (uppercase)
[2025-07-21T13:08:31Z DEBUG gruesome::text] Shift to A2 (punctuation)
[2025-07-21T13:08:31Z DEBUG gruesome::text] Shift to A2 (punctuation)
[2025-07-21T13:08:31Z DEBUG gruesome::text] Shift to A2 (punctuation)
[2025-07-21T13:08:31Z DEBUG gruesome::text] Shift to A2 (punctuation)
[2025-07-21T13:08:31Z DEBUG gruesome::interpreter] print at PC 2bcc9: ' (PPCC)
        '
[2025-07-21T13:08:31Z DEBUG gruesome::interpreter] print_obj: object #485 at PC 0x2bcd8
[2025-07-21T13:08:31Z DEBUG gruesome::text] Shift to A1 (uppercase)
[2025-07-21T13:08:31Z DEBUG gruesome::text] Shift to A1 (uppercase)
[2025-07-21T13:08:31Z DEBUG gruesome::text] Shift to A1 (uppercase)
[2025-07-21T13:08:31Z DEBUG gruesome::text] Shift to A2 (punctuation)
[2025-07-21T13:08:31Z DEBUG gruesome::text] Shift to A2 (punctuation)
[2025-07-21T13:08:31Z DEBUG gruesome::text] Shift to A1 (uppercase)
[2025-07-21T13:08:31Z DEBUG gruesome::text] Shift to A1 (uppercase)
[2025-07-21T13:08:31Z DEBUG gruesome::text] Shift to A1 (uppercase)
[2025-07-21T13:08:31Z DEBUG gruesome::text] Shift to A1 (uppercase)
[2025-07-21T13:08:31Z DEBUG gruesome::text] Shift to A2 (punctuation)
[2025-07-21T13:08:31Z DEBUG gruesome::text] Shift to A2 (punctuation)
[2025-07-21T13:08:31Z DEBUG gruesome::text] Shift to A2 (punctuation)
[2025-07-21T13:08:31Z DEBUG gruesome::text] Shift to A2 (punctuation)
[2025-07-21T13:08:31Z DEBUG gruesome::interpreter] print at PC 2bcdb: ' (RCRO)
        '
[2025-07-21T13:08:31Z DEBUG gruesome::interpreter] print_obj: object #130 at PC 0x2bcea
[2025-07-21T13:08:31Z DEBUG gruesome::text] Shift to A1 (uppercase)
[2025-07-21T13:08:31Z DEBUG gruesome::text] Shift to A2 (punctuation)
[2025-07-21T13:08:31Z DEBUG gruesome::text] Shift to A1 (uppercase)
[2025-07-21T13:08:31Z DEBUG gruesome::text] Shift to A2 (punctuation)
[2025-07-21T13:08:31Z DEBUG gruesome::text] Shift to A1 (uppercase)
[2025-07-21T13:08:31Z DEBUG gruesome::text] Shift to A2 (punctuation)
[2025-07-21T13:08:31Z DEBUG gruesome::text] Shift to A2 (punctuation)
[2025-07-21T13:08:31Z DEBUG gruesome::text] Shift to A2 (punctuation)
[2025-07-21T13:08:31Z DEBUG gruesome::text] Shift to A1 (uppercase)
[2025-07-21T13:08:31Z DEBUG gruesome::text] Shift to A1 (uppercase)
[2025-07-21T13:08:31Z DEBUG gruesome::text] Shift to A1 (uppercase)
[2025-07-21T13:08:31Z DEBUG gruesome::text] Shift to A1 (uppercase)
[2025-07-21T13:08:31Z DEBUG gruesome::text] Shift to A2 (punctuation)
[2025-07-21T13:08:31Z DEBUG gruesome::text] Shift to A2 (punctuation)
[2025-07-21T13:08:31Z DEBUG gruesome::text] Shift to A2 (punctuation)
[2025-07-21T13:08:31Z DEBUG gruesome::text] Shift to A2 (punctuation)
[2025-07-21T13:08:31Z DEBUG gruesome::interpreter] print at PC 2bcec: ' (PEOF)
        '
[2025-07-21T13:08:31Z DEBUG gruesome::interpreter] print_obj: object #96 at PC 0x2bcfb
[2025-07-21T13:08:31Z DEBUG gruesome::text] Shift to A1 (uppercase)
[2025-07-21T13:08:31Z DEBUG gruesome::text] Shift to A1 (uppercase)
[2025-07-21T13:08:31Z DEBUG gruesome::text] Shift to A1 (uppercase)
[2025-07-21T13:08:31Z DEBUG gruesome::text] Shift to A1 (uppercase)
[2025-07-21T13:08:31Z DEBUG gruesome::text] Shift to A1 (uppercase)
[2025-07-21T13:08:31Z DEBUG gruesome::text] Shift to A2 (punctuation)
[2025-07-21T13:08:31Z DEBUG gruesome::text] Shift to A1 (uppercase)
[2025-07-21T13:08:31Z DEBUG gruesome::text] Shift to A1 (uppercase)
[2025-07-21T13:08:31Z DEBUG gruesome::text] Shift to A2 (punctuation)
[2025-07-21T13:08:31Z DEBUG gruesome::text] Shift to A2 (punctuation)
[2025-07-21T13:08:31Z DEBUG gruesome::text] Shift to A2 (punctuation)
[2025-07-21T13:08:31Z DEBUG gruesome::text] Shift to A1 (uppercase)
[2025-07-21T13:08:31Z DEBUG gruesome::text] Shift to A1 (uppercase)
[2025-07-21T13:08:31Z DEBUG gruesome::text] Shift to A1 (uppercase)
[2025-07-21T13:08:31Z DEBUG gruesome::text] Shift to A1 (uppercase)
[2025-07-21T13:08:31Z DEBUG gruesome::text] Shift to A2 (punctuation)
[2025-07-21T13:08:31Z DEBUG gruesome::text] Shift to A2 (punctuation)
[2025-07-21T13:08:31Z DEBUG gruesome::text] Shift to A2 (punctuation)
[2025-07-21T13:08:31Z DEBUG gruesome::text] Shift to A2 (punctuation)
[2025-07-21T13:08:31Z DEBUG gruesome::interpreter] print at PC 2bcfd: ' (PCAF)
        '
[2025-07-21T13:08:31Z DEBUG gruesome::interpreter] print_obj: object #223 at PC 0x2bd0c
[2025-07-21T13:08:31Z DEBUG gruesome::text] Shift to A1 (uppercase)
[2025-07-21T13:08:31Z DEBUG gruesome::text] Shift to A1 (uppercase)
[2025-07-21T13:08:31Z DEBUG gruesome::text] Shift to A2 (punctuation)
[2025-07-21T13:08:31Z DEBUG gruesome::text] Shift to A1 (uppercase)
[2025-07-21T13:08:31Z DEBUG gruesome::text] Shift to A1 (uppercase)
[2025-07-21T13:08:31Z DEBUG gruesome::text] Shift to A1 (uppercase)
[2025-07-21T13:08:31Z DEBUG gruesome::text] Shift to A1 (uppercase)
[2025-07-21T13:08:31Z DEBUG gruesome::text] Shift to A2 (punctuation)
[2025-07-21T13:08:31Z DEBUG gruesome::text] Shift to A2 (punctuation)
[2025-07-21T13:08:31Z DEBUG gruesome::text] Shift to A2 (punctuation)
[2025-07-21T13:08:31Z DEBUG gruesome::text] Shift to A2 (punctuation)
[2025-07-21T13:08:31Z DEBUG gruesome::interpreter] print at PC 2bd0e: ' (MACO)
        '
[2025-07-21T13:08:31Z DEBUG gruesome::interpreter] print_obj: object #344 at PC 0x2bd1d
[2025-07-21T13:08:31Z DEBUG gruesome::text] Shift to A1 (uppercase)
[2025-07-21T13:08:31Z DEBUG gruesome::text] Shift to A1 (uppercase)
[2025-07-21T13:08:31Z DEBUG gruesome::text] Shift to A1 (uppercase)
[2025-07-21T13:08:31Z DEBUG gruesome::text] Shift to A1 (uppercase)
[2025-07-21T13:08:31Z DEBUG gruesome::text] Shift to A2 (punctuation)
[2025-07-21T13:08:31Z DEBUG gruesome::text] Shift to A1 (uppercase)
[2025-07-21T13:08:31Z DEBUG gruesome::text] Shift to A1 (uppercase)
[2025-07-21T13:08:31Z DEBUG gruesome::text] Shift to A1 (uppercase)
[2025-07-21T13:08:31Z DEBUG gruesome::text] Shift to A1 (uppercase)
[2025-07-21T13:08:31Z DEBUG gruesome::text] Shift to A2 (punctuation)
[2025-07-21T13:08:31Z DEBUG gruesome::text] Shift to A2 (punctuation)
[2025-07-21T13:08:31Z DEBUG gruesome::text] Shift to A1 (uppercase)
[2025-07-21T13:08:31Z DEBUG gruesome::text] Shift to A2 (punctuation)
[2025-07-21T13:08:31Z DEBUG gruesome::text] Shift to A2 (punctuation)
[2025-07-21T13:08:31Z DEBUG gruesome::text] Shift to A2 (punctuation)
[2025-07-21T13:08:31Z DEBUG gruesome::text] Shift to A2 (punctuation)
[2025-07-21T13:08:31Z DEBUG gruesome::text] Shift to A2 (punctuation)
[2025-07-21T13:08:31Z DEBUG gruesome::text] Shift to A2 (punctuation)
[2025-07-21T13:08:31Z DEBUG gruesome::interpreter] Returning from routine: value=1, return_pc=0d17f
[2025-07-21T13:08:31Z DEBUG gruesome::interpreter] Stack before truncate: len=12, base=12
[2025-07-21T13:08:31Z DEBUG gruesome::interpreter] Storing return value 1 to variable 0
[2025-07-21T13:08:31Z DEBUG gruesome::interpreter] Stack len after store: 13
[2025-07-21T13:08:31Z DEBUG gruesome::interpreter] Returning from routine: value=1, return_pc=0d145
[2025-07-21T13:08:31Z DEBUG gruesome::interpreter] Stack before truncate: len=12, base=12
[2025-07-21T13:08:31Z DEBUG gruesome::interpreter] Storing return value 1 to variable 4
[2025-07-21T13:08:31Z DEBUG gruesome::interpreter] Stack len after store: 12
[2025-07-21T13:08:31Z DEBUG gruesome::interpreter] Returning from routine: value=1, return_pc=13acc
[2025-07-21T13:08:31Z DEBUG gruesome::interpreter] Stack before truncate: len=12, base=12
[2025-07-21T13:08:31Z DEBUG gruesome::interpreter] Storing return value 1 to variable 0
[2025-07-21T13:08:31Z DEBUG gruesome::interpreter] Stack len after store: 13
[2025-07-21T13:08:31Z DEBUG gruesome::interpreter] Returning from routine: value=1, return_pc=0cd08
[2025-07-21T13:08:31Z DEBUG gruesome::interpreter] Stack before truncate: len=13, base=12
[2025-07-21T13:08:31Z DEBUG gruesome::interpreter] Storing return value 1 to variable 0
[2025-07-21T13:08:31Z DEBUG gruesome::interpreter] Stack len after store: 13
[2025-07-21T13:08:31Z DEBUG gruesome::interpreter] Creating call frame with return_store=Some(0), stack_base=13
[2025-07-21T13:08:31Z DEBUG gruesome::interpreter] Creating call frame with return_store=Some(1), stack_base=13
[2025-07-21T13:08:31Z DEBUG gruesome::interpreter] Creating call frame with return_store=Some(158), stack_base=13
[2025-07-21T13:08:31Z DEBUG gruesome::vm] Reading global 0x52 (LIT) from addr 0x6fae = 0x75d2 (30162) at PC 0d743
[2025-07-21T13:08:31Z DEBUG gruesome::vm] Reading global 0x52 (LIT) from addr 0x6fae = 0x75d2 (30162) at PC 0d748
[2025-07-21T13:08:31Z DEBUG gruesome::interpreter] Setting location (global 0) to object 0 at PC 0d751
[2025-07-21T13:08:31Z DEBUG gruesome::interpreter] get_parent: obj_num=105 at PC 0d7bc
[2025-07-21T13:08:31Z DEBUG gruesome::interpreter] get_parent: obj_num=105 at PC 0d7c3
[2025-07-21T13:08:31Z DEBUG gruesome::text] Shift to A2 (punctuation)
[2025-07-21T13:08:31Z DEBUG gruesome::text] ZSCII escape at position 1 in zchars
[2025-07-21T13:08:31Z DEBUG gruesome::text] ZSCII escape: high=1, low=30, code=62
[2025-07-21T13:08:31Z DEBUG gruesome::text] ZSCII code 62 = '>'
[2025-07-21T13:08:31Z DEBUG gruesome::text] Shift to A2 (punctuation)
[2025-07-21T13:08:31Z DEBUG gruesome::text] Shift to A2 (punctuation)
[2025-07-21T13:08:31Z DEBUG gruesome::interpreter] print at PC 0d7e8: '>'
[2025-07-21T13:08:31Z DEBUG gruesome::interpreter] sread at PC 0xd7ed with 2 operands
[2025-07-21T13:08:31Z DEBUG gruesome::interpreter]   operand[0] = 0x7426
[2025-07-21T13:08:31Z DEBUG gruesome::interpreter]   operand[1] = 0x7156
[2025-07-21T13:08:31Z DEBUG gruesome::timed_input] read_line_with_timer called: time=0 tenths (0s), routine=0x0000
[2025-07-21T13:08:31Z DEBUG gruesome::timed_input] Terminal input detected - using non-blocking event system
[2025-07-21T13:08:31Z DEBUG gruesome::timed_input] Entering non-blocking input mode
[?7l[2025-07-21T13:08:31Z INFO  gruesome::timed_input] Non-blocking input active. Timeout: None, routine: 0x0000
[2025-07-21T13:08:31Z DEBUG gruesome::timed_input] Ctrl+C pressed

Error during execution: Error reading timed input: Interrupted by Ctrl+C
