    Blocking waiting for file lock on build directory
   Compiling gruesome v0.6.0 (/Users/cb/Projects/infocom-testing-old/infocom)
warning: use of deprecated method `grue_compiler::codegen_instructions::<impl grue_compiler::codegen::ZMachineCodeGen>::emit_instruction`: Use emit_instruction_typed for type safety and to avoid opcode number errors
    --> src/grue_compiler/codegen.rs:5199:22
     |
5199 |                 self.emit_instruction(
     |                      ^^^^^^^^^^^^^^^^
     |
     = note: `#[warn(deprecated)]` on by default

warning: use of deprecated method `grue_compiler::codegen_instructions::<impl grue_compiler::codegen::ZMachineCodeGen>::emit_instruction`: Use emit_instruction_typed for type safety and to avoid opcode number errors
    --> src/grue_compiler/codegen.rs:6286:27
     |
6286 |         let layout = self.emit_instruction(
     |                           ^^^^^^^^^^^^^^^^

warning: use of deprecated method `grue_compiler::codegen_instructions::<impl grue_compiler::codegen::ZMachineCodeGen>::emit_instruction`: Use emit_instruction_typed for type safety and to avoid opcode number errors
    --> src/grue_compiler/codegen_builtins.rs:1685:14
     |
1685 |         self.emit_instruction(
     |              ^^^^^^^^^^^^^^^^

warning: `gruesome` (lib) generated 3 warnings
    Finished `dev` profile [unoptimized + debuginfo] target(s) in 40.67s
